<?xml version="1.0" encoding="UTF-8"?>
<!-- Generated by org.testng.reporters.JUnitXMLReporter -->
<testsuite hostname="Ashwini" ignored="3" name="FirefoxBrowser" tests="2" failures="0" timestamp="2022-07-07T20:28:12 IST" time="4.577" errors="0">
  <testcase name="@BeforeTest launchBrowser" time="4.444" classname="testngclasses.VerifyAddRemoveProduct">
    <failure type="org.openqa.selenium.WebDriverException" message="Process unexpectedly closed with status 0
Build info: version: &amp;apos;3.141.59&amp;apos;, revision: &amp;apos;e82be7d358&amp;apos;, time: &amp;apos;2018-11-14T08:17:03&amp;apos;
System info: host: &amp;apos;ASHWINI&amp;apos;, ip: &amp;apos;192.168.1.10&amp;apos;, os.name: &amp;apos;Windows 8.1&amp;apos;, os.arch: &amp;apos;amd64&amp;apos;, os.version: &amp;apos;6.3&amp;apos;, java.version: &amp;apos;1.8.0_291&amp;apos;
Driver info: driver.version: FirefoxDriver
remote stacktrace: ">
      <![CDATA[org.openqa.selenium.WebDriverException: Process unexpectedly closed with status 0
Build info: version: '3.141.59', revision: 'e82be7d358', time: '2018-11-14T08:17:03'
System info: host: 'ASHWINI', ip: '192.168.1.10', os.name: 'Windows 8.1', os.arch: 'amd64', os.version: '6.3', java.version: '1.8.0_291'
Driver info: driver.version: FirefoxDriver
remote stacktrace: 
at org.openqa.selenium.remote.W3CHandshakeResponse.lambda$errorHandler$0(W3CHandshakeResponse.java:62)
at org.openqa.selenium.remote.HandshakeResponse.lambda$getResponseFunction$0(HandshakeResponse.java:30)
at org.openqa.selenium.remote.ProtocolHandshake.lambda$createSession$0(ProtocolHandshake.java:126)
at java.util.stream.ReferencePipeline$3$1.accept(Unknown Source)
at java.util.Spliterators$ArraySpliterator.tryAdvance(Unknown Source)
at java.util.stream.ReferencePipeline.forEachWithCancel(Unknown Source)
at java.util.stream.AbstractPipeline.copyIntoWithCancel(Unknown Source)
at java.util.stream.AbstractPipeline.copyInto(Unknown Source)
at java.util.stream.AbstractPipeline.wrapAndCopyInto(Unknown Source)
at java.util.stream.FindOps$FindOp.evaluateSequential(Unknown Source)
at java.util.stream.AbstractPipeline.evaluate(Unknown Source)
at java.util.stream.ReferencePipeline.findFirst(Unknown Source)
at org.openqa.selenium.remote.ProtocolHandshake.createSession(ProtocolHandshake.java:128)
at org.openqa.selenium.remote.ProtocolHandshake.createSession(ProtocolHandshake.java:74)
at org.openqa.selenium.remote.HttpCommandExecutor.execute(HttpCommandExecutor.java:136)
at org.openqa.selenium.remote.service.DriverCommandExecutor.execute(DriverCommandExecutor.java:83)
at org.openqa.selenium.remote.RemoteWebDriver.execute(RemoteWebDriver.java:552)
at org.openqa.selenium.remote.RemoteWebDriver.startSession(RemoteWebDriver.java:213)
at org.openqa.selenium.remote.RemoteWebDriver.<init>(RemoteWebDriver.java:131)
at org.openqa.selenium.firefox.FirefoxDriver.<init>(FirefoxDriver.java:147)
at org.openqa.selenium.firefox.FirefoxDriver.<init>(FirefoxDriver.java:125)
at browser.BaseClass.openFirefoxBrowser(BaseClass.java:22)
at testngclasses.VerifyAddRemoveProduct.launchBrowser(VerifyAddRemoveProduct.java:47)
... Removed 28 stack frames]]>
    </failure>
  </testcase> <!-- @BeforeTest launchBrowser -->
  <testcase name="@BeforeTest launchBrowser" time="-1.657205892482E9" classname="testngclasses.VerifyApplicationHeaders">
    <skipped/>
  </testcase> <!-- @BeforeTest launchBrowser -->
  <testcase name="@BeforeClass pomObjectCreatiom" time="-1.657205892501E9" classname="testngclasses.VerifyApplicationHeaders">
    <skipped/>
  </testcase> <!-- @BeforeClass pomObjectCreatiom -->
  <testcase name="@BeforeMethod loginToApplication" time="-1.657205892511E9" classname="testngclasses.VerifyApplicationHeaders">
    <skipped/>
  </testcase> <!-- @BeforeMethod loginToApplication -->
  <testcase name="@BeforeClass pomObjectCreation" time="-1.657205892503E9" classname="testngclasses.VerifyAddRemoveProduct">
    <skipped/>
  </testcase> <!-- @BeforeClass pomObjectCreation -->
  <testcase name="@BeforeMethod loginToApplication" time="-1.657205892527E9" classname="testngclasses.VerifyAddRemoveProduct">
    <skipped/>
  </testcase> <!-- @BeforeMethod loginToApplication -->
  <testcase name="@AfterMethod afterMethod" time="-1.657205892541E9" classname="testngclasses.VerifyAddRemoveProduct">
    <skipped/>
  </testcase> <!-- @AfterMethod afterMethod -->
  <testcase name="@AfterClass closeObjects" time="-1.657205892543E9" classname="testngclasses.VerifyAddRemoveProduct">
    <skipped/>
  </testcase> <!-- @AfterClass closeObjects -->
  <testcase name="@AfterMethod afterMethod" time="-1.657205892552E9" classname="testngclasses.VerifyApplicationHeaders">
    <skipped/>
  </testcase> <!-- @AfterMethod afterMethod -->
  <testcase name="@AfterClass closeObjects" time="-1.657205892555E9" classname="testngclasses.VerifyApplicationHeaders">
    <skipped/>
  </testcase> <!-- @AfterClass closeObjects -->
  <testcase name="@AfterTest afterClass" time="-1.65720589256E9" classname="testngclasses.VerifyAddRemoveProduct">
    <skipped/>
  </testcase> <!-- @AfterTest afterClass -->
  <testcase name="@AfterTest afterClass" time="-1.657205892565E9" classname="testngclasses.VerifyApplicationHeaders">
    <skipped/>
  </testcase> <!-- @AfterTest afterClass -->
  <testcase name="toSelectProduct" time="0.0" classname="testngclasses.VerifyAddRemoveProduct">
    <skipped/>
  </testcase> <!-- toSelectProduct -->
  <testcase name="testA" time="0.0" classname="testngclasses.VerifyApplicationHeaders">
    <skipped/>
  </testcase> <!-- testA -->
  <testcase name="toAddToCartProduct" time="0.0" classname="testngclasses.VerifyAddRemoveProduct">
    <ignored/>
  </testcase> <!-- toAddToCartProduct -->
  <testcase name="testB" time="0.0" classname="testngclasses.VerifyApplicationHeaders">
    <ignored/>
  </testcase> <!-- testB -->
  <testcase name="toRemoveProduct" time="0.0" classname="testngclasses.VerifyAddRemoveProduct">
    <ignored/>
  </testcase> <!-- toRemoveProduct -->
</testsuite> <!-- FirefoxBrowser -->
