<?xml version="1.0" encoding="UTF-8"?>
<!-- Generated by org.testng.reporters.JUnitXMLReporter -->
<testsuite hostname="Ashwini" ignored="0" name="Default test" tests="3" failures="0" timestamp="2022-07-08T18:40:17 IST" time="0.109" errors="0">
  <testcase name="@BeforeTest launchBrowser" time="-1.657285817781E9" classname="testngclasses.VerifyAddRemoveProduct">
    <failure type="org.testng.TestNGException" message="
Parameter &amp;apos;browserName&amp;apos; is required by BeforeTest on method launchBrowser but has not been marked @Optional or defined
in C:\Users\Ashwini Torankar\AppData\Local\Temp\testng-eclipse-1793966233\testng-customsuite.xml">
      <![CDATA[org.testng.TestNGException: 
Parameter 'browserName' is required by BeforeTest on method launchBrowser but has not been marked @Optional or defined
in C:\Users\Ashwini Torankar\AppData\Local\Temp\testng-eclipse-1793966233\testng-customsuite.xml
at org.testng.internal.Parameters.createParams(Parameters.java:270)
at org.testng.internal.Parameters.createParametersForMethod(Parameters.java:358)
at org.testng.internal.Parameters.createParameters(Parameters.java:700)
at org.testng.internal.Parameters.createConfigurationParameters(Parameters.java:168)
at org.testng.internal.ConfigInvoker.invokeConfigurations(ConfigInvoker.java:302)
at org.testng.TestRunner.invokeTestConfigurations(TestRunner.java:637)
at org.testng.TestRunner.beforeRun(TestRunner.java:627)
at org.testng.TestRunner.run(TestRunner.java:589)
at org.testng.SuiteRunner.runTest(SuiteRunner.java:377)
at org.testng.SuiteRunner.runSequentially(SuiteRunner.java:371)
at org.testng.SuiteRunner.privateRun(SuiteRunner.java:332)
at org.testng.SuiteRunner.run(SuiteRunner.java:276)
at org.testng.SuiteRunnerWorker.runSuite(SuiteRunnerWorker.java:53)
at org.testng.SuiteRunnerWorker.run(SuiteRunnerWorker.java:96)
at org.testng.TestNG.runSuitesSequentially(TestNG.java:1212)
at org.testng.TestNG.runSuitesLocally(TestNG.java:1134)
at org.testng.TestNG.runSuites(TestNG.java:1063)
at org.testng.TestNG.run(TestNG.java:1031)
at org.testng.remote.AbstractRemoteTestNG.run(AbstractRemoteTestNG.java:115)
at org.testng.remote.RemoteTestNG.initAndRun(RemoteTestNG.java:251)
at org.testng.remote.RemoteTestNG.main(RemoteTestNG.java:77)
]]>
    </failure>
  </testcase> <!-- @BeforeTest launchBrowser -->
  <testcase name="@BeforeClass pomObjectCreation" time="-1.657285817827E9" classname="testngclasses.VerifyAddRemoveProduct">
    <skipped/>
  </testcase> <!-- @BeforeClass pomObjectCreation -->
  <testcase name="@BeforeMethod loginToApplication" time="-1.657285817859E9" classname="testngclasses.VerifyAddRemoveProduct">
    <skipped/>
  </testcase> <!-- @BeforeMethod loginToApplication -->
  <testcase name="@AfterMethod afterMethod" time="-1.657285817859E9" classname="testngclasses.VerifyAddRemoveProduct">
    <skipped/>
  </testcase> <!-- @AfterMethod afterMethod -->
  <testcase name="@BeforeMethod loginToApplication" time="-1.657285817874E9" classname="testngclasses.VerifyAddRemoveProduct">
    <skipped/>
  </testcase> <!-- @BeforeMethod loginToApplication -->
  <testcase name="@AfterMethod afterMethod" time="-1.65728581789E9" classname="testngclasses.VerifyAddRemoveProduct">
    <skipped/>
  </testcase> <!-- @AfterMethod afterMethod -->
  <testcase name="@AfterClass closeObjects" time="-1.65728581789E9" classname="testngclasses.VerifyAddRemoveProduct">
    <skipped/>
  </testcase> <!-- @AfterClass closeObjects -->
  <testcase name="@AfterTest afterClass" time="-1.65728581789E9" classname="testngclasses.VerifyAddRemoveProduct">
    <skipped/>
  </testcase> <!-- @AfterTest afterClass -->
  <testcase name="toSelectProduct" time="0.0" classname="testngclasses.VerifyAddRemoveProduct">
    <skipped/>
  </testcase> <!-- toSelectProduct -->
  <testcase name="toAddToCartProduct" time="0.0" classname="testngclasses.VerifyAddRemoveProduct">
    <skipped/>
  </testcase> <!-- toAddToCartProduct -->
  <testcase name="toRemoveProduct" time="0.0" classname="testngclasses.VerifyAddRemoveProduct">
    <skipped/>
  </testcase> <!-- toRemoveProduct -->
</testsuite> <!-- Default test -->
